2025-08-01T11:01:04-07:00 LAUNCH
[I 2025-08-01 11:01:11.645 ServerApp] Extension package dask_labextension took 1.8878s to import
[W 2025-08-01 11:01:11.646 ServerApp] A `_jupyter_server_extension_points` function was not found in dask_labextension. Instead, a `_jupyter_server_extension_paths` function was found and will be used for now. This function name will be deprecated in future releases of Jupyter Server.
[I 2025-08-01 11:01:11.774 ServerApp] Extension package jupyter_lsp took 0.1277s to import
[I 2025-08-01 11:01:12.720 ServerApp] Extension package jupyterlab_git took 0.2247s to import
[I 2025-08-01 11:01:14.452 ServerApp] Extension package jupyterlab_h5web took 1.7322s to import
[I 2025-08-01 11:01:14.809 ServerApp] Extension package jupyterlab_jupytext took 0.3558s to import
[W 2025-08-01 11:01:14.904 ServerApp] jupyterlab_nvdashboard | error adding extension (enabled: True): Driver Not Loaded
    Traceback (most recent call last):
      File "/global/common/software/nersc9/jupyter/ex/25-06/lib/python3.10/site-packages/jupyter_server/extension/manager.py", line 323, in add_extension
        extpkg = ExtensionPackage(name=extension_name, enabled=enabled)
      File "/global/common/software/nersc9/jupyter/ex/25-06/lib/python3.10/site-packages/jupyter_server/extension/manager.py", line 187, in __init__
        self._load_metadata()
      File "/global/common/software/nersc9/jupyter/ex/25-06/lib/python3.10/site-packages/jupyter_server/extension/manager.py", line 196, in _load_metadata
        self.module, self.metadata = get_metadata(name, logger=self.log)
      File "/global/common/software/nersc9/jupyter/ex/25-06/lib/python3.10/site-packages/jupyter_server/extension/utils.py", line 65, in get_metadata
        module = importlib.import_module(package_name)
      File "/global/common/software/nersc9/jupyter/ex/25-06/lib/python3.10/importlib/__init__.py", line 126, in import_module
        return _bootstrap._gcd_import(name[level:], package, level)
      File "<frozen importlib._bootstrap>", line 1050, in _gcd_import
      File "<frozen importlib._bootstrap>", line 1027, in _find_and_load
      File "<frozen importlib._bootstrap>", line 1006, in _find_and_load_unlocked
      File "<frozen importlib._bootstrap>", line 688, in _load_unlocked
      File "<frozen importlib._bootstrap_external>", line 883, in exec_module
      File "<frozen importlib._bootstrap>", line 241, in _call_with_frames_removed
      File "/global/common/software/nersc9/jupyter/ex/25-06/lib/python3.10/site-packages/jupyterlab_nvdashboard/__init__.py", line 13, in <module>
        from .handlers import setup_handlers
      File "/global/common/software/nersc9/jupyter/ex/25-06/lib/python3.10/site-packages/jupyterlab_nvdashboard/handlers.py", line 2, in <module>
        from . import apps
      File "/global/common/software/nersc9/jupyter/ex/25-06/lib/python3.10/site-packages/jupyterlab_nvdashboard/apps/__init__.py", line 2, in <module>
        from . import gpu
      File "/global/common/software/nersc9/jupyter/ex/25-06/lib/python3.10/site-packages/jupyterlab_nvdashboard/apps/gpu.py", line 7, in <module>
        pynvml.nvmlInit()
      File "/global/common/software/nersc9/jupyter/ex/25-06/lib/python3.10/site-packages/pynvml/nvml.py", line 1770, in nvmlInit
        nvmlInitWithFlags(0)
      File "/global/common/software/nersc9/jupyter/ex/25-06/lib/python3.10/site-packages/pynvml/nvml.py", line 1760, in nvmlInitWithFlags
        _nvmlCheckReturn(ret)
      File "/global/common/software/nersc9/jupyter/ex/25-06/lib/python3.10/site-packages/pynvml/nvml.py", line 833, in _nvmlCheckReturn
        raise NVMLError(ret)
    pynvml.nvml.NVMLError_DriverNotLoaded: Driver Not Loaded
[W 2025-08-01 11:01:14.982 ServerApp] A `_jupyter_server_extension_points` function was not found in nbclassic. Instead, a `_jupyter_server_extension_paths` function was found and will be used for now. This function name will be deprecated in future releases of Jupyter Server.
[I 2025-08-01 11:01:14.992 ServerApp] dask_labextension | extension was successfully linked.
[I 2025-08-01 11:01:14.993 ServerApp] jupyter_lsp | extension was successfully linked.
[I 2025-08-01 11:01:14.993 ServerApp] jupyter_resource_usage | extension was successfully linked.
[I 2025-08-01 11:01:15.005 ServerApp] jupyter_server_mathjax | extension was successfully linked.
[I 2025-08-01 11:01:15.005 ServerApp] jupyter_server_proxy | extension was successfully linked.
[I 2025-08-01 11:01:15.012 ServerApp] jupyter_server_terminals | extension was successfully linked.
[I 2025-08-01 11:01:15.012 JupyterHubSingleUser] Starting jupyterhub single-user server extension version 5.0.0
[I 2025-08-01 11:01:15.013 JupyterHubSingleUser] Using default url from environment $JUPYTERHUB_DEFAULT_URL: /lab/tree/global/homes/p/pchen704
[I 2025-08-01 11:01:15.016 ServerApp] jupyterhub | extension was successfully linked.
[W 2025-08-01 11:01:15.021 LabApp] 'extra_template_paths' was found in both NotebookApp and ServerApp. This is likely a recent change. This config will only be set in NotebookApp. Please check if you should also config these traits in ServerApp for your purpose.
[I 2025-08-01 11:01:15.024 ServerApp] jupyterlab | extension was successfully linked.
[I 2025-08-01 11:01:15.024 ServerApp] jupyterlab_code_formatter | extension was successfully linked.
[I 2025-08-01 11:01:15.025 ServerApp] jupyterlab_git | extension was successfully linked.
[I 2025-08-01 11:01:15.025 ServerApp] jupyterlab_h5web | extension was successfully linked.
[I 2025-08-01 11:01:15.025 ServerApp] jupyterlab_jupytext | extension was successfully linked.
[I 2025-08-01 11:01:15.026 ServerApp] jupyterlab_wall | extension was successfully linked.
[W 2025-08-01 11:01:15.030 NotebookApp] 'extra_template_paths' was found in both NotebookApp and ServerApp. This is likely a recent change. This config will only be set in NotebookApp. Please check if you should also config these traits in ServerApp for your purpose.
[I 2025-08-01 11:01:15.032 ServerApp] nbclassic | extension was successfully linked.
[I 2025-08-01 11:01:15.033 ServerApp] nbdime | extension was successfully linked.
[W 2025-08-01 11:01:15.037 JupyterNotebookApp] 'extra_template_paths' was found in both NotebookApp and ServerApp. This is likely a recent change. This config will only be set in NotebookApp. Please check if you should also config these traits in ServerApp for your purpose.
[I 2025-08-01 11:01:15.040 ServerApp] notebook | extension was successfully linked.
[I 2025-08-01 11:01:15.041 ServerApp] Writing Jupyter server cookie secret to /tmp/jupyter-runtime-375d14e1-d1a4-4902-a686-b73caf153614/jupyter_cookie_secret
[I 2025-08-01 11:01:15.072 ServerApp] notebook_shim | extension was successfully linked.
[I 2025-08-01 11:01:15.182 ServerApp] notebook_shim | extension was successfully loaded.
[I 2025-08-01 11:01:15.183 ServerApp] dask_labextension | extension was successfully loaded.
[I 2025-08-01 11:01:15.188 ServerApp] jupyter_lsp | extension was successfully loaded.
[I 2025-08-01 11:01:15.189 ServerApp] jupyter_resource_usage | extension was successfully loaded.
[I 2025-08-01 11:01:15.190 ServerApp] jupyter_server_mathjax | extension was successfully loaded.
[I 2025-08-01 11:01:15.235 ServerApp] jupyter_server_proxy | extension was successfully loaded.
[I 2025-08-01 11:01:15.237 ServerApp] jupyter_server_terminals | extension was successfully loaded.
[I 2025-08-01 11:01:15.338 ServerApp] Skipped non-installed server(s): bash-language-server, dockerfile-language-server-nodejs, javascript-typescript-langserver, jedi-language-server, julia-language-server, pyright, python-language-server, python-lsp-server, r-languageserver, sql-language-server, texlab, typescript-language-server, unified-language-server, vscode-css-languageserver-bin, vscode-html-languageserver-bin, vscode-json-languageserver-bin, yaml-language-server
[I 2025-08-01 11:01:16.772 JupyterHubSingleUser] Updating Hub with activity every 300 seconds
[I 2025-08-01 11:01:16.773 ServerApp] jupyterhub | extension was successfully loaded.
[I 2025-08-01 11:01:17.152 LabApp] JupyterLab extension loaded from /global/common/software/nersc9/jupyter/ex/25-06/lib/python3.10/site-packages/jupyterlab
[I 2025-08-01 11:01:17.153 LabApp] JupyterLab application directory is /global/common/software/nersc9/jupyter/ex/25-06/share/jupyter/lab
[I 2025-08-01 11:01:17.155 LabApp] Extension Manager is 'pypi'.
[I 2025-08-01 11:01:17.174 ServerApp] jupyterlab | extension was successfully loaded.
[I 2025-08-01 11:01:17.175 ServerApp] Registered jupyterlab_code_formatter server extension
[I 2025-08-01 11:01:17.175 ServerApp] jupyterlab_code_formatter | extension was successfully loaded.
[I 2025-08-01 11:01:17.181 ServerApp] jupyterlab_git | extension was successfully loaded.
[I 2025-08-01 11:01:17.363 ServerApp] Jupyterlab-h5web extension will serve HDF5 files from /
[I 2025-08-01 11:01:17.363 ServerApp] jupyterlab_h5web | extension was successfully loaded.
[W 2025-08-01 11:01:17.363 ServerApp] [Jupytext Server Extension] Async contents managers like {base_class.__name__} are not supported at the moment (https://github.com/mwouts/jupytext/issues/1020). We will derive a contents manager from LargeFileManager instead.
[I 2025-08-01 11:01:17.364 ServerApp] [Jupytext Server Extension] Deriving a JupytextContentsManager from LargeFileManager
[I 2025-08-01 11:01:17.365 ServerApp] jupyterlab_jupytext | extension was successfully loaded.
/user/pchen704/perlmutter-exclusive-node-cpu/jupyterlab_wall/get_example
NoneType: None
[I 2025-08-01 11:01:17.366 ServerApp] Registered jupyterlab_wall server extension
[I 2025-08-01 11:01:17.366 ServerApp] jupyterlab_wall | extension was successfully loaded.
[I 2025-08-01 11:01:17.404 ServerApp] nbclassic | extension was successfully loaded.
[I 2025-08-01 11:01:17.719 ServerApp] nbdime | extension was successfully loaded.
[I 2025-08-01 11:01:17.853 ServerApp] notebook | extension was successfully loaded.
[I 2025-08-01 11:01:17.853 ServerApp] Will shut down after 64800 seconds with no kernels.
[I 2025-08-01 11:01:17.854 ServerApp] Serving notebooks from local directory: /
[I 2025-08-01 11:01:17.854 ServerApp] Jupyter Server 2.14.2 is running at:
[I 2025-08-01 11:01:17.854 ServerApp] http://nid004172:58371/user/pchen704/perlmutter-exclusive-node-cpu/lab/tree/global/homes/p/pchen704?token=...
[I 2025-08-01 11:01:17.854 ServerApp]     http://127.0.0.1:58371/user/pchen704/perlmutter-exclusive-node-cpu/lab/tree/global/homes/p/pchen704?token=...
[I 2025-08-01 11:01:17.855 ServerApp] Use Control-C to stop this server and shut down all kernels (twice to skip confirmation).
[W 2025-08-01 11:01:37.408 LabApp] Could not determine jupyterlab build status without nodejs
[I 2025-08-01 11:01:37.531 ServerApp] Loaded Jupytext configuration file at /global/common/software/nersc9/jupyter/ex/25-06/etc/jupytext/jupytext.toml
[I 2025-08-01 11:08:27.612 ServerApp] Saving file at /global/homes/p/pchen704/plot_global_temp.py
[I 2025-08-01 11:09:33.086 ServerApp] New terminal with automatic name: 1
[I 2025-08-01 11:09:33.087 ServerApp] Culling terminals with inactivity > 64800 seconds at 300 second intervals ...
[W 2025-08-01 11:12:46.448 LabApp] Could not determine jupyterlab build status without nodejs
[I 2025-08-01 11:14:33.238 ServerApp] Saving file at /global/homes/p/pchen704/plot_global_temp.py
[W 2025-08-01 11:17:12.843 LabApp] Could not determine jupyterlab build status without nodejs
[E 2025-08-01 11:25:38.594 JupyterHubSingleUser] Error notifying Hub of activity: Timeout during request
[I 2025-08-01 11:25:39.041 JupyterHubSingleUser] Sent hub activity after 1 retries
[I 2025-08-01 11:33:45.111 ServerApp] Saving file at /global/homes/p/pchen704/plot_global_temp.py
[W 2025-08-01 12:21:04.439 LabApp] Could not determine jupyterlab build status without nodejs
slurmstepd: error: *** JOB 41271322 ON nid004172 CANCELLED AT 2025-08-01T19:48:12 ***
