2025-07-31T19:45:28-07:00 LAUNCH
[I 2025-07-31 19:45:34.360 ServerApp] Extension package dask_labextension took 1.5096s to import
[W 2025-07-31 19:45:34.361 ServerApp] A `_jupyter_server_extension_points` function was not found in dask_labextension. Instead, a `_jupyter_server_extension_paths` function was found and will be used for now. This function name will be deprecated in future releases of Jupyter Server.
[I 2025-07-31 19:45:34.584 ServerApp] Extension package jupyter_resource_usage took 0.1303s to import
[I 2025-07-31 19:45:35.305 ServerApp] Extension package jupyterlab_git took 0.2423s to import
[I 2025-07-31 19:45:36.386 ServerApp] Extension package jupyterlab_h5web took 1.0804s to import
[I 2025-07-31 19:45:36.787 ServerApp] Extension package jupyterlab_jupytext took 0.4004s to import
[W 2025-07-31 19:45:36.856 ServerApp] jupyterlab_nvdashboard | error adding extension (enabled: True): Driver Not Loaded
    Traceback (most recent call last):
      File "/global/common/software/nersc9/jupyter/ex/25-06/lib/python3.10/site-packages/jupyter_server/extension/manager.py", line 323, in add_extension
        extpkg = ExtensionPackage(name=extension_name, enabled=enabled)
      File "/global/common/software/nersc9/jupyter/ex/25-06/lib/python3.10/site-packages/jupyter_server/extension/manager.py", line 187, in __init__
        self._load_metadata()
      File "/global/common/software/nersc9/jupyter/ex/25-06/lib/python3.10/site-packages/jupyter_server/extension/manager.py", line 196, in _load_metadata
        self.module, self.metadata = get_metadata(name, logger=self.log)
      File "/global/common/software/nersc9/jupyter/ex/25-06/lib/python3.10/site-packages/jupyter_server/extension/utils.py", line 65, in get_metadata
        module = importlib.import_module(package_name)
      File "/global/common/software/nersc9/jupyter/ex/25-06/lib/python3.10/importlib/__init__.py", line 126, in import_module
        return _bootstrap._gcd_import(name[level:], package, level)
      File "<frozen importlib._bootstrap>", line 1050, in _gcd_import
      File "<frozen importlib._bootstrap>", line 1027, in _find_and_load
      File "<frozen importlib._bootstrap>", line 1006, in _find_and_load_unlocked
      File "<frozen importlib._bootstrap>", line 688, in _load_unlocked
      File "<frozen importlib._bootstrap_external>", line 883, in exec_module
      File "<frozen importlib._bootstrap>", line 241, in _call_with_frames_removed
      File "/global/common/software/nersc9/jupyter/ex/25-06/lib/python3.10/site-packages/jupyterlab_nvdashboard/__init__.py", line 13, in <module>
        from .handlers import setup_handlers
      File "/global/common/software/nersc9/jupyter/ex/25-06/lib/python3.10/site-packages/jupyterlab_nvdashboard/handlers.py", line 2, in <module>
        from . import apps
      File "/global/common/software/nersc9/jupyter/ex/25-06/lib/python3.10/site-packages/jupyterlab_nvdashboard/apps/__init__.py", line 2, in <module>
        from . import gpu
      File "/global/common/software/nersc9/jupyter/ex/25-06/lib/python3.10/site-packages/jupyterlab_nvdashboard/apps/gpu.py", line 7, in <module>
        pynvml.nvmlInit()
      File "/global/common/software/nersc9/jupyter/ex/25-06/lib/python3.10/site-packages/pynvml/nvml.py", line 1770, in nvmlInit
        nvmlInitWithFlags(0)
      File "/global/common/software/nersc9/jupyter/ex/25-06/lib/python3.10/site-packages/pynvml/nvml.py", line 1760, in nvmlInitWithFlags
        _nvmlCheckReturn(ret)
      File "/global/common/software/nersc9/jupyter/ex/25-06/lib/python3.10/site-packages/pynvml/nvml.py", line 833, in _nvmlCheckReturn
        raise NVMLError(ret)
    pynvml.nvml.NVMLError_DriverNotLoaded: Driver Not Loaded
[W 2025-07-31 19:45:36.922 ServerApp] A `_jupyter_server_extension_points` function was not found in nbclassic. Instead, a `_jupyter_server_extension_paths` function was found and will be used for now. This function name will be deprecated in future releases of Jupyter Server.
[I 2025-07-31 19:45:36.929 ServerApp] dask_labextension | extension was successfully linked.
[I 2025-07-31 19:45:36.929 ServerApp] jupyter_lsp | extension was successfully linked.
[I 2025-07-31 19:45:36.930 ServerApp] jupyter_resource_usage | extension was successfully linked.
[I 2025-07-31 19:45:36.946 ServerApp] jupyter_server_mathjax | extension was successfully linked.
[I 2025-07-31 19:45:36.948 ServerApp] jupyter_server_proxy | extension was successfully linked.
[I 2025-07-31 19:45:36.980 ServerApp] jupyter_server_terminals | extension was successfully linked.
[I 2025-07-31 19:45:36.981 JupyterHubSingleUser] Starting jupyterhub single-user server extension version 5.0.0
[I 2025-07-31 19:45:36.983 JupyterHubSingleUser] Using default url from environment $JUPYTERHUB_DEFAULT_URL: /lab/tree/global/homes/p/pchen704
[I 2025-07-31 19:45:36.989 ServerApp] jupyterhub | extension was successfully linked.
[W 2025-07-31 19:45:36.995 LabApp] 'extra_template_paths' was found in both NotebookApp and ServerApp. This is likely a recent change. This config will only be set in NotebookApp. Please check if you should also config these traits in ServerApp for your purpose.
[I 2025-07-31 19:45:36.997 ServerApp] jupyterlab | extension was successfully linked.
[I 2025-07-31 19:45:36.998 ServerApp] jupyterlab_code_formatter | extension was successfully linked.
[I 2025-07-31 19:45:36.998 ServerApp] jupyterlab_git | extension was successfully linked.
[I 2025-07-31 19:45:36.999 ServerApp] jupyterlab_h5web | extension was successfully linked.
[I 2025-07-31 19:45:36.999 ServerApp] jupyterlab_jupytext | extension was successfully linked.
[I 2025-07-31 19:45:36.999 ServerApp] jupyterlab_wall | extension was successfully linked.
[W 2025-07-31 19:45:37.004 NotebookApp] 'extra_template_paths' was found in both NotebookApp and ServerApp. This is likely a recent change. This config will only be set in NotebookApp. Please check if you should also config these traits in ServerApp for your purpose.
[I 2025-07-31 19:45:37.006 ServerApp] nbclassic | extension was successfully linked.
[I 2025-07-31 19:45:37.006 ServerApp] nbdime | extension was successfully linked.
[W 2025-07-31 19:45:37.012 JupyterNotebookApp] 'extra_template_paths' was found in both NotebookApp and ServerApp. This is likely a recent change. This config will only be set in NotebookApp. Please check if you should also config these traits in ServerApp for your purpose.
[I 2025-07-31 19:45:37.015 ServerApp] notebook | extension was successfully linked.
[I 2025-07-31 19:45:37.017 ServerApp] Writing Jupyter server cookie secret to /tmp/jupyter-runtime-f4122ed1-727a-4b35-a77f-16971364dc22/jupyter_cookie_secret
[I 2025-07-31 19:45:37.057 ServerApp] notebook_shim | extension was successfully linked.
[I 2025-07-31 19:45:37.120 ServerApp] notebook_shim | extension was successfully loaded.
[I 2025-07-31 19:45:37.121 ServerApp] dask_labextension | extension was successfully loaded.
[I 2025-07-31 19:45:37.124 ServerApp] jupyter_lsp | extension was successfully loaded.
[I 2025-07-31 19:45:37.125 ServerApp] jupyter_resource_usage | extension was successfully loaded.
[I 2025-07-31 19:45:37.126 ServerApp] jupyter_server_mathjax | extension was successfully loaded.
[I 2025-07-31 19:45:37.166 ServerApp] jupyter_server_proxy | extension was successfully loaded.
[I 2025-07-31 19:45:37.168 ServerApp] jupyter_server_terminals | extension was successfully loaded.
[I 2025-07-31 19:45:37.182 JupyterHubSingleUser] Updating Hub with activity every 300 seconds
[I 2025-07-31 19:45:37.182 ServerApp] jupyterhub | extension was successfully loaded.
[I 2025-07-31 19:45:37.320 ServerApp] Skipped non-installed server(s): bash-language-server, dockerfile-language-server-nodejs, javascript-typescript-langserver, jedi-language-server, julia-language-server, pyright, python-language-server, python-lsp-server, r-languageserver, sql-language-server, texlab, typescript-language-server, unified-language-server, vscode-css-languageserver-bin, vscode-html-languageserver-bin, vscode-json-languageserver-bin, yaml-language-server
[I 2025-07-31 19:45:37.474 LabApp] JupyterLab extension loaded from /global/common/software/nersc9/jupyter/ex/25-06/lib/python3.10/site-packages/jupyterlab
[I 2025-07-31 19:45:37.475 LabApp] JupyterLab application directory is /global/common/software/nersc9/jupyter/ex/25-06/share/jupyter/lab
[I 2025-07-31 19:45:37.480 LabApp] Extension Manager is 'pypi'.
[I 2025-07-31 19:45:37.497 ServerApp] jupyterlab | extension was successfully loaded.
[I 2025-07-31 19:45:37.498 ServerApp] Registered jupyterlab_code_formatter server extension
[I 2025-07-31 19:45:37.498 ServerApp] jupyterlab_code_formatter | extension was successfully loaded.
[I 2025-07-31 19:45:37.504 ServerApp] jupyterlab_git | extension was successfully loaded.
[I 2025-07-31 19:45:37.789 ServerApp] Jupyterlab-h5web extension will serve HDF5 files from /
[I 2025-07-31 19:45:37.789 ServerApp] jupyterlab_h5web | extension was successfully loaded.
[W 2025-07-31 19:45:37.790 ServerApp] [Jupytext Server Extension] Async contents managers like {base_class.__name__} are not supported at the moment (https://github.com/mwouts/jupytext/issues/1020). We will derive a contents manager from LargeFileManager instead.
[I 2025-07-31 19:45:37.790 ServerApp] [Jupytext Server Extension] Deriving a JupytextContentsManager from LargeFileManager
[I 2025-07-31 19:45:37.791 ServerApp] jupyterlab_jupytext | extension was successfully loaded.
/user/pchen704/perlmutter-exclusive-node-cpu/jupyterlab_wall/get_example
NoneType: None
[I 2025-07-31 19:45:37.792 ServerApp] Registered jupyterlab_wall server extension
[I 2025-07-31 19:45:37.792 ServerApp] jupyterlab_wall | extension was successfully loaded.
[I 2025-07-31 19:45:37.818 ServerApp] nbclassic | extension was successfully loaded.
[I 2025-07-31 19:45:38.032 ServerApp] nbdime | extension was successfully loaded.
[I 2025-07-31 19:45:38.309 ServerApp] notebook | extension was successfully loaded.
[I 2025-07-31 19:45:38.310 ServerApp] Will shut down after 64800 seconds with no kernels.
[I 2025-07-31 19:45:38.310 ServerApp] Serving notebooks from local directory: /
[I 2025-07-31 19:45:38.311 ServerApp] Jupyter Server 2.14.2 is running at:
[I 2025-07-31 19:45:38.311 ServerApp] http://nid004168:36387/user/pchen704/perlmutter-exclusive-node-cpu/lab/tree/global/homes/p/pchen704?token=...
[I 2025-07-31 19:45:38.311 ServerApp]     http://127.0.0.1:36387/user/pchen704/perlmutter-exclusive-node-cpu/lab/tree/global/homes/p/pchen704?token=...
[I 2025-07-31 19:45:38.311 ServerApp] Use Control-C to stop this server and shut down all kernels (twice to skip confirmation).
[W 2025-07-31 19:46:04.338 LabApp] Could not determine jupyterlab build status without nodejs
[I 2025-07-31 19:46:04.522 ServerApp] Loaded Jupytext configuration file at /global/common/software/nersc9/jupyter/ex/25-06/etc/jupytext/jupytext.toml
[W 2025-07-31 20:39:47.364 LabApp] Could not determine jupyterlab build status without nodejs
[W 2025-07-31 20:50:48.801 LabApp] Could not determine jupyterlab build status without nodejs
[W 2025-08-01 00:09:45.250 LabApp] Could not determine jupyterlab build status without nodejs
[W 2025-08-01 01:15:16.369 LabApp] Could not determine jupyterlab build status without nodejs
slurmstepd: error: *** JOB 41245727 ON nid004168 CANCELLED AT 2025-08-01T08:16:19 ***
